Build started 5/5/2012 2:29:26 AM.
     1>Project "c:\Users\Antonio\documents\visual studio 2010\Projects\sendGrid\sendGrid\sendGrid.vcxproj" on node 2 (build target(s)).
     1>InitializeBuildStatus:
         Creating "Debug\sendGrid.unsuccessfulbuild" because "AlwaysCreate" was specified.
       ClCompile:
         c:\Program Files\Microsoft Visual Studio 10.0\VC\bin\CL.exe /c /ZI /nologo /W3 /WX- /Od /Oy- /D WIN32 /D _DEBUG /D _CONSOLE /D _UNICODE /D UNICODE /Gm /EHsc /RTC1 /MDd /GS /fp:precise /Zc:wchar_t /Zc:forScope /Fo"Debug\\" /Fd"Debug\vc100.pdb" /Gd /TP /analyze- /errorReport:prompt sendGridPuzzle.cpp
         sendGridPuzzle.cpp
     1>c:\users\antonio\documents\visual studio 2010\projects\sendgrid\sendgrid\sendgridpuzzle.cpp(20): warning C4996: 'scanf': This function or variable may be unsafe. Consider using scanf_s instead. To disable deprecation, use _CRT_SECURE_NO_WARNINGS. See online help for details.
                 c:\program files\microsoft visual studio 10.0\vc\include\stdio.h(304) : see declaration of 'scanf'
     1>c:\users\antonio\documents\visual studio 2010\projects\sendgrid\sendgrid\sendgridpuzzle.cpp(23): warning C4996: 'scanf': This function or variable may be unsafe. Consider using scanf_s instead. To disable deprecation, use _CRT_SECURE_NO_WARNINGS. See online help for details.
                 c:\program files\microsoft visual studio 10.0\vc\include\stdio.h(304) : see declaration of 'scanf'
     1>c:\users\antonio\documents\visual studio 2010\projects\sendgrid\sendgrid\sendgridpuzzle.cpp(26): warning C4996: 'scanf': This function or variable may be unsafe. Consider using scanf_s instead. To disable deprecation, use _CRT_SECURE_NO_WARNINGS. See online help for details.
                 c:\program files\microsoft visual studio 10.0\vc\include\stdio.h(304) : see declaration of 'scanf'
       ManifestResourceCompile:
         All outputs are up-to-date.
       Link:
         c:\Program Files\Microsoft Visual Studio 10.0\VC\bin\link.exe /ERRORREPORT:PROMPT /OUT:"c:\users\antonio\documents\visual studio 2010\Projects\sendGrid\Debug\sendGrid.exe" /INCREMENTAL /NOLOGO kernel32.lib user32.lib gdi32.lib winspool.lib comdlg32.lib advapi32.lib shell32.lib ole32.lib oleaut32.lib uuid.lib odbc32.lib odbccp32.lib /MANIFEST /ManifestFile:"Debug\sendGrid.exe.intermediate.manifest" /MANIFESTUAC:"level='asInvoker' uiAccess='false'" /DEBUG /PDB:"c:\users\antonio\documents\visual studio 2010\Projects\sendGrid\Debug\sendGrid.pdb" /SUBSYSTEM:CONSOLE /TLBID:1 /DYNAMICBASE /NXCOMPAT /IMPLIB:"c:\users\antonio\documents\visual studio 2010\Projects\sendGrid\Debug\sendGrid.lib" /MACHINE:X86 Debug\sendGrid.exe.embed.manifest.res
         Debug\sendGridPuzzle.obj
       Manifest:
         C:\Program Files\Microsoft SDKs\Windows\v7.0A\bin\mt.exe /nologo /verbose /out:"Debug\sendGrid.exe.embed.manifest" /manifest Debug\sendGrid.exe.intermediate.manifest
         All outputs are up-to-date.
       LinkEmbedManifest:
         All outputs are up-to-date.
         sendGrid.vcxproj -> c:\users\antonio\documents\visual studio 2010\Projects\sendGrid\Debug\sendGrid.exe
       FinalizeBuildStatus:
         Deleting file "Debug\sendGrid.unsuccessfulbuild".
         Touching "Debug\sendGrid.lastbuildstate".
     1>Done Building Project "c:\Users\Antonio\documents\visual studio 2010\Projects\sendGrid\sendGrid\sendGrid.vcxproj" (build target(s)).

Build succeeded.

Time Elapsed 00:00:01.08
